<?xml version="1.0" encoding="UTF-8"?>
<!-- Generated by org.testng.reporters.JUnitReportReporter -->
<testsuite hostname="thlinh1" failures="0" tests="1" name="testcase.TC_01_Demo" time="34.886" errors="0" timestamp="2021-11-04T11:09:44 ICT" skipped="0">
  <testcase classname="testcase.TC_01_Demo" name="testRunner" time="34.886"/>
  <system-out>
    <![CDATA[*Test Runner
    11-04-2021 11:09:05 |*** Step 01 ***| Change currency unit : VND
    11-04-2021 11:09:15 |*** Step 02 ***| Enter searching on Amazon : iPhone 11
    11-04-2021 11:09:20 |*** Step 03 ***| Get all products on Amazon after searching
    11-04-2021 11:09:31 |*** Step 04 ***| Open Ebay : https://www.ebay.com/
    11-04-2021 11:09:33 |*** Step 05 ***| Enter searching on Ebay : iPhone 11
    11-04-2021 11:09:36 |*** Step 06 ***| Get all products on Amazon after searching
    11-04-2021 11:09:40 |*** Step 07 ***| Gen HTML File Data Statistics]]>
  </system-out>
</testsuite> <!-- testcase.TC_01_Demo -->
